INFO:httpx:HTTP Request: POST https://api.telegram.org/bot8070341201:AAGbgdghe0w0Cm4hr5kYahI5--K6fFACyG4/getMe "HTTP/1.1 200 OK"
INFO:httpx:HTTP Request: POST https://api.telegram.org/bot8070341201:AAGbgdghe0w0Cm4hr5kYahI5--K6fFACyG4/deleteWebhook "HTTP/1.1 200 OK"
INFO:telegram.ext.Application:Application started
INFO:httpx:HTTP Request: POST https://api.telegram.org/bot8070341201:AAGbgdghe0w0Cm4hr5kYahI5--K6fFACyG4/getUpdates "HTTP/1.1 200 OK"
INFO:httpx:HTTP Request: POST https://api.telegram.org/bot8070341201:AAGbgdghe0w0Cm4hr5kYahI5--K6fFACyG4/getUpdates "HTTP/1.1 200 OK"
INFO:httpx:HTTP Request: POST https://api.telegram.org/bot8070341201:AAGbgdghe0w0Cm4hr5kYahI5--K6fFACyG4/sendMessage "HTTP/1.1 200 OK"
INFO:httpx:HTTP Request: POST https://api.telegram.org/bot8070341201:AAGbgdghe0w0Cm4hr5kYahI5--K6fFACyG4/getUpdates "HTTP/1.1 200 OK"
INFO:httpx:HTTP Request: POST https://api.telegram.org/bot8070341201:AAGbgdghe0w0Cm4hr5kYahI5--K6fFACyG4/getUpdates "HTTP/1.1 200 OK"
INFO:httpx:HTTP Request: POST https://api.telegram.org/bot8070341201:AAGbgdghe0w0Cm4hr5kYahI5--K6fFACyG4/sendMessage "HTTP/1.1 200 OK"
INFO:httpx:HTTP Request: POST https://api.telegram.org/bot8070341201:AAGbgdghe0w0Cm4hr5kYahI5--K6fFACyG4/getUpdates "HTTP/1.1 200 OK"
INFO:httpx:HTTP Request: POST https://api.telegram.org/bot8070341201:AAGbgdghe0w0Cm4hr5kYahI5--K6fFACyG4/getUpdates "HTTP/1.1 200 OK"
INFO:httpx:HTTP Request: POST https://api.telegram.org/bot8070341201:AAGbgdghe0w0Cm4hr5kYahI5--K6fFACyG4/sendMessage "HTTP/1.1 200 OK"
INFO:httpx:HTTP Request: POST https://api.telegram.org/bot8070341201:AAGbgdghe0w0Cm4hr5kYahI5--K6fFACyG4/getUpdates "HTTP/1.1 200 OK"
INFO:httpx:HTTP Request: POST https://api.telegram.org/bot8070341201:AAGbgdghe0w0Cm4hr5kYahI5--K6fFACyG4/getUpdates "HTTP/1.1 200 OK"
INFO:httpx:HTTP Request: POST https://api.telegram.org/bot8070341201:AAGbgdghe0w0Cm4hr5kYahI5--K6fFACyG4/getUpdates "HTTP/1.1 200 OK"
INFO:httpx:HTTP Request: POST https://api.telegram.org/bot8070341201:AAGbgdghe0w0Cm4hr5kYahI5--K6fFACyG4/getUpdates "HTTP/1.1 200 OK"
INFO:httpx:HTTP Request: POST https://api.telegram.org/bot8070341201:AAGbgdghe0w0Cm4hr5kYahI5--K6fFACyG4/sendMessage "HTTP/1.1 200 OK"
INFO:httpx:HTTP Request: POST https://api.telegram.org/bot8070341201:AAGbgdghe0w0Cm4hr5kYahI5--K6fFACyG4/getUpdates "HTTP/1.1 200 OK"
INFO:httpx:HTTP Request: POST https://api.telegram.org/bot8070341201:AAGbgdghe0w0Cm4hr5kYahI5--K6fFACyG4/getUpdates "HTTP/1.1 200 OK"
INFO:httpx:HTTP Request: POST https://api.telegram.org/bot8070341201:AAGbgdghe0w0Cm4hr5kYahI5--K6fFACyG4/getUpdates "HTTP/1.1 200 OK"
INFO:httpx:HTTP Request: POST https://api.telegram.org/bot8070341201:AAGbgdghe0w0Cm4hr5kYahI5--K6fFACyG4/sendMessage "HTTP/1.1 200 OK"
INFO:httpx:HTTP Request: POST https://api.telegram.org/bot8070341201:AAGbgdghe0w0Cm4hr5kYahI5--K6fFACyG4/getUpdates "HTTP/1.1 200 OK"
INFO:httpx:HTTP Request: POST https://api.telegram.org/bot8070341201:AAGbgdghe0w0Cm4hr5kYahI5--K6fFACyG4/getUpdates "HTTP/1.1 200 OK"
INFO:httpx:HTTP Request: POST https://api.telegram.org/bot8070341201:AAGbgdghe0w0Cm4hr5kYahI5--K6fFACyG4/sendMessage "HTTP/1.1 200 OK"
INFO:httpx:HTTP Request: POST https://api.telegram.org/bot8070341201:AAGbgdghe0w0Cm4hr5kYahI5--K6fFACyG4/getUpdates "HTTP/1.1 200 OK"
INFO:httpx:HTTP Request: POST https://api.telegram.org/bot8070341201:AAGbgdghe0w0Cm4hr5kYahI5--K6fFACyG4/sendMessage "HTTP/1.1 200 OK"
INFO:httpx:HTTP Request: POST https://api.telegram.org/bot8070341201:AAGbgdghe0w0Cm4hr5kYahI5--K6fFACyG4/getUpdates "HTTP/1.1 200 OK"
INFO:httpx:HTTP Request: POST https://api.telegram.org/bot8070341201:AAGbgdghe0w0Cm4hr5kYahI5--K6fFACyG4/getUpdates "HTTP/1.1 200 OK"
INFO:httpx:HTTP Request: POST https://api.telegram.org/bot8070341201:AAGbgdghe0w0Cm4hr5kYahI5--K6fFACyG4/getUpdates "HTTP/1.1 200 OK"
INFO:httpx:HTTP Request: POST https://api.telegram.org/bot8070341201:AAGbgdghe0w0Cm4hr5kYahI5--K6fFACyG4/getUpdates "HTTP/1.1 200 OK"
INFO:httpx:HTTP Request: POST https://api.telegram.org/bot8070341201:AAGbgdghe0w0Cm4hr5kYahI5--K6fFACyG4/getUpdates "HTTP/1.1 200 OK"
INFO:httpx:HTTP Request: POST https://api.telegram.org/bot8070341201:AAGbgdghe0w0Cm4hr5kYahI5--K6fFACyG4/getUpdates "HTTP/1.1 200 OK"
INFO:httpx:HTTP Request: POST https://api.telegram.org/bot8070341201:AAGbgdghe0w0Cm4hr5kYahI5--K6fFACyG4/getUpdates "HTTP/1.1 200 OK"
INFO:httpx:HTTP Request: POST https://api.telegram.org/bot8070341201:AAGbgdghe0w0Cm4hr5kYahI5--K6fFACyG4/getUpdates "HTTP/1.1 200 OK"
INFO:httpx:HTTP Request: POST https://api.telegram.org/bot8070341201:AAGbgdghe0w0Cm4hr5kYahI5--K6fFACyG4/getUpdates "HTTP/1.1 200 OK"
INFO:httpx:HTTP Request: POST https://api.telegram.org/bot8070341201:AAGbgdghe0w0Cm4hr5kYahI5--K6fFACyG4/getUpdates "HTTP/1.1 200 OK"
INFO:httpx:HTTP Request: POST https://api.telegram.org/bot8070341201:AAGbgdghe0w0Cm4hr5kYahI5--K6fFACyG4/getUpdates "HTTP/1.1 200 OK"
INFO:httpx:HTTP Request: POST https://api.telegram.org/bot8070341201:AAGbgdghe0w0Cm4hr5kYahI5--K6fFACyG4/getUpdates "HTTP/1.1 200 OK"
INFO:httpx:HTTP Request: POST https://api.telegram.org/bot8070341201:AAGbgdghe0w0Cm4hr5kYahI5--K6fFACyG4/getUpdates "HTTP/1.1 200 OK"
INFO:httpx:HTTP Request: POST https://api.telegram.org/bot8070341201:AAGbgdghe0w0Cm4hr5kYahI5--K6fFACyG4/getUpdates "HTTP/1.1 200 OK"
INFO:httpx:HTTP Request: POST https://api.telegram.org/bot8070341201:AAGbgdghe0w0Cm4hr5kYahI5--K6fFACyG4/getUpdates "HTTP/1.1 200 OK"
INFO:httpx:HTTP Request: POST https://api.telegram.org/bot8070341201:AAGbgdghe0w0Cm4hr5kYahI5--K6fFACyG4/getMe "HTTP/1.1 200 OK"
INFO:httpx:HTTP Request: POST https://api.telegram.org/bot8070341201:AAGbgdghe0w0Cm4hr5kYahI5--K6fFACyG4/deleteWebhook "HTTP/1.1 200 OK"
INFO:telegram.ext.Application:Application started
INFO:httpx:HTTP Request: POST https://api.telegram.org/bot8070341201:AAGbgdghe0w0Cm4hr5kYahI5--K6fFACyG4/getUpdates "HTTP/1.1 200 OK"
INFO:httpx:HTTP Request: POST https://api.telegram.org/bot8070341201:AAGbgdghe0w0Cm4hr5kYahI5--K6fFACyG4/getUpdates "HTTP/1.1 200 OK"
INFO:httpx:HTTP Request: POST https://api.telegram.org/bot8070341201:AAGbgdghe0w0Cm4hr5kYahI5--K6fFACyG4/sendMessage "HTTP/1.1 200 OK"
INFO:httpx:HTTP Request: POST https://api.telegram.org/bot8070341201:AAGbgdghe0w0Cm4hr5kYahI5--K6fFACyG4/getUpdates "HTTP/1.1 200 OK"
INFO:httpx:HTTP Request: POST https://api.telegram.org/bot8070341201:AAGbgdghe0w0Cm4hr5kYahI5--K6fFACyG4/getUpdates "HTTP/1.1 200 OK"
INFO:httpx:HTTP Request: POST https://api.telegram.org/bot8070341201:AAGbgdghe0w0Cm4hr5kYahI5--K6fFACyG4/getUpdates "HTTP/1.1 200 OK"
INFO:httpx:HTTP Request: POST https://api.telegram.org/bot8070341201:AAGbgdghe0w0Cm4hr5kYahI5--K6fFACyG4/getUpdates "HTTP/1.1 200 OK"
INFO:httpx:HTTP Request: POST https://api.telegram.org/bot8070341201:AAGbgdghe0w0Cm4hr5kYahI5--K6fFACyG4/getUpdates "HTTP/1.1 200 OK"
INFO:httpx:HTTP Request: POST https://api.telegram.org/bot8070341201:AAGbgdghe0w0Cm4hr5kYahI5--K6fFACyG4/getUpdates "HTTP/1.1 200 OK"
INFO:httpx:HTTP Request: POST https://api.telegram.org/bot8070341201:AAGbgdghe0w0Cm4hr5kYahI5--K6fFACyG4/getUpdates "HTTP/1.1 200 OK"
INFO:httpx:HTTP Request: POST https://api.telegram.org/bot8070341201:AAGbgdghe0w0Cm4hr5kYahI5--K6fFACyG4/getUpdates "HTTP/1.1 200 OK"
INFO:httpx:HTTP Request: POST https://api.telegram.org/bot8070341201:AAGbgdghe0w0Cm4hr5kYahI5--K6fFACyG4/getUpdates "HTTP/1.1 200 OK"
INFO:httpx:HTTP Request: POST https://api.telegram.org/bot8070341201:AAGbgdghe0w0Cm4hr5kYahI5--K6fFACyG4/getUpdates "HTTP/1.1 200 OK"
INFO:httpx:HTTP Request: POST https://api.telegram.org/bot8070341201:AAGbgdghe0w0Cm4hr5kYahI5--K6fFACyG4/getUpdates "HTTP/1.1 200 OK"
INFO:httpx:HTTP Request: POST https://api.telegram.org/bot8070341201:AAGbgdghe0w0Cm4hr5kYahI5--K6fFACyG4/getUpdates "HTTP/1.1 200 OK"
INFO:httpx:HTTP Request: POST https://api.telegram.org/bot8070341201:AAGbgdghe0w0Cm4hr5kYahI5--K6fFACyG4/getUpdates "HTTP/1.1 200 OK"
INFO:httpx:HTTP Request: POST https://api.telegram.org/bot8070341201:AAGbgdghe0w0Cm4hr5kYahI5--K6fFACyG4/getUpdates "HTTP/1.1 200 OK"
INFO:httpx:HTTP Request: POST https://api.telegram.org/bot8070341201:AAGbgdghe0w0Cm4hr5kYahI5--K6fFACyG4/getUpdates "HTTP/1.1 200 OK"
INFO:httpx:HTTP Request: POST https://api.telegram.org/bot8070341201:AAGbgdghe0w0Cm4hr5kYahI5--K6fFACyG4/getUpdates "HTTP/1.1 200 OK"
INFO:httpx:HTTP Request: POST https://api.telegram.org/bot8070341201:AAGbgdghe0w0Cm4hr5kYahI5--K6fFACyG4/getUpdates "HTTP/1.1 200 OK"
INFO:httpx:HTTP Request: POST https://api.telegram.org/bot8070341201:AAGbgdghe0w0Cm4hr5kYahI5--K6fFACyG4/getUpdates "HTTP/1.1 200 OK"
INFO:httpx:HTTP Request: POST https://api.telegram.org/bot8070341201:AAGbgdghe0w0Cm4hr5kYahI5--K6fFACyG4/getUpdates "HTTP/1.1 200 OK"
INFO:httpx:HTTP Request: POST https://api.telegram.org/bot8070341201:AAGbgdghe0w0Cm4hr5kYahI5--K6fFACyG4/getUpdates "HTTP/1.1 200 OK"
INFO:httpx:HTTP Request: POST https://api.telegram.org/bot8070341201:AAGbgdghe0w0Cm4hr5kYahI5--K6fFACyG4/getUpdates "HTTP/1.1 200 OK"
INFO:httpx:HTTP Request: POST https://api.telegram.org/bot8070341201:AAGbgdghe0w0Cm4hr5kYahI5--K6fFACyG4/getUpdates "HTTP/1.1 200 OK"
INFO:httpx:HTTP Request: POST https://api.telegram.org/bot8070341201:AAGbgdghe0w0Cm4hr5kYahI5--K6fFACyG4/getUpdates "HTTP/1.1 200 OK"
INFO:httpx:HTTP Request: POST https://api.telegram.org/bot8070341201:AAGbgdghe0w0Cm4hr5kYahI5--K6fFACyG4/getUpdates "HTTP/1.1 200 OK"
INFO:httpx:HTTP Request: POST https://api.telegram.org/bot8070341201:AAGbgdghe0w0Cm4hr5kYahI5--K6fFACyG4/getUpdates "HTTP/1.1 200 OK"
INFO:httpx:HTTP Request: POST https://api.telegram.org/bot8070341201:AAGbgdghe0w0Cm4hr5kYahI5--K6fFACyG4/getUpdates "HTTP/1.1 200 OK"
INFO:httpx:HTTP Request: POST https://api.telegram.org/bot8070341201:AAGbgdghe0w0Cm4hr5kYahI5--K6fFACyG4/getUpdates "HTTP/1.1 200 OK"
INFO:httpx:HTTP Request: POST https://api.telegram.org/bot8070341201:AAGbgdghe0w0Cm4hr5kYahI5--K6fFACyG4/getUpdates "HTTP/1.1 200 OK"
INFO:httpx:HTTP Request: POST https://api.telegram.org/bot8070341201:AAGbgdghe0w0Cm4hr5kYahI5--K6fFACyG4/getUpdates "HTTP/1.1 200 OK"
INFO:httpx:HTTP Request: POST https://api.telegram.org/bot8070341201:AAGbgdghe0w0Cm4hr5kYahI5--K6fFACyG4/getUpdates "HTTP/1.1 200 OK"
INFO:httpx:HTTP Request: POST https://api.telegram.org/bot8070341201:AAGbgdghe0w0Cm4hr5kYahI5--K6fFACyG4/getUpdates "HTTP/1.1 200 OK"
INFO:httpx:HTTP Request: POST https://api.telegram.org/bot8070341201:AAGbgdghe0w0Cm4hr5kYahI5--K6fFACyG4/getUpdates "HTTP/1.1 200 OK"
INFO:httpx:HTTP Request: POST https://api.telegram.org/bot8070341201:AAGbgdghe0w0Cm4hr5kYahI5--K6fFACyG4/getUpdates "HTTP/1.1 200 OK"
INFO:httpx:HTTP Request: POST https://api.telegram.org/bot8070341201:AAGbgdghe0w0Cm4hr5kYahI5--K6fFACyG4/getUpdates "HTTP/1.1 200 OK"
INFO:httpx:HTTP Request: POST https://api.telegram.org/bot8070341201:AAGbgdghe0w0Cm4hr5kYahI5--K6fFACyG4/getUpdates "HTTP/1.1 200 OK"
INFO:httpx:HTTP Request: POST https://api.telegram.org/bot8070341201:AAGbgdghe0w0Cm4hr5kYahI5--K6fFACyG4/getUpdates "HTTP/1.1 200 OK"
INFO:httpx:HTTP Request: POST https://api.telegram.org/bot8070341201:AAGbgdghe0w0Cm4hr5kYahI5--K6fFACyG4/getUpdates "HTTP/1.1 200 OK"
INFO:httpx:HTTP Request: POST https://api.telegram.org/bot8070341201:AAGbgdghe0w0Cm4hr5kYahI5--K6fFACyG4/getUpdates "HTTP/1.1 200 OK"
INFO:httpx:HTTP Request: POST https://api.telegram.org/bot8070341201:AAGbgdghe0w0Cm4hr5kYahI5--K6fFACyG4/getUpdates "HTTP/1.1 200 OK"
INFO:httpx:HTTP Request: POST https://api.telegram.org/bot8070341201:AAGbgdghe0w0Cm4hr5kYahI5--K6fFACyG4/getUpdates "HTTP/1.1 200 OK"
INFO:httpx:HTTP Request: POST https://api.telegram.org/bot8070341201:AAGbgdghe0w0Cm4hr5kYahI5--K6fFACyG4/getUpdates "HTTP/1.1 200 OK"
INFO:httpx:HTTP Request: POST https://api.telegram.org/bot8070341201:AAGbgdghe0w0Cm4hr5kYahI5--K6fFACyG4/getUpdates "HTTP/1.1 200 OK"
INFO:httpx:HTTP Request: POST https://api.telegram.org/bot8070341201:AAGbgdghe0w0Cm4hr5kYahI5--K6fFACyG4/getUpdates "HTTP/1.1 200 OK"
INFO:httpx:HTTP Request: POST https://api.telegram.org/bot8070341201:AAGbgdghe0w0Cm4hr5kYahI5--K6fFACyG4/getUpdates "HTTP/1.1 200 OK"
INFO:httpx:HTTP Request: POST https://api.telegram.org/bot8070341201:AAGbgdghe0w0Cm4hr5kYahI5--K6fFACyG4/getUpdates "HTTP/1.1 200 OK"
INFO:httpx:HTTP Request: POST https://api.telegram.org/bot8070341201:AAGbgdghe0w0Cm4hr5kYahI5--K6fFACyG4/getUpdates "HTTP/1.1 200 OK"
INFO:httpx:HTTP Request: POST https://api.telegram.org/bot8070341201:AAGbgdghe0w0Cm4hr5kYahI5--K6fFACyG4/getUpdates "HTTP/1.1 200 OK"
INFO:httpx:HTTP Request: POST https://api.telegram.org/bot8070341201:AAGbgdghe0w0Cm4hr5kYahI5--K6fFACyG4/getUpdates "HTTP/1.1 200 OK"
INFO:httpx:HTTP Request: POST https://api.telegram.org/bot8070341201:AAGbgdghe0w0Cm4hr5kYahI5--K6fFACyG4/getUpdates "HTTP/1.1 200 OK"
INFO:httpx:HTTP Request: POST https://api.telegram.org/bot8070341201:AAGbgdghe0w0Cm4hr5kYahI5--K6fFACyG4/getUpdates "HTTP/1.1 200 OK"
INFO:httpx:HTTP Request: POST https://api.telegram.org/bot8070341201:AAGbgdghe0w0Cm4hr5kYahI5--K6fFACyG4/getUpdates "HTTP/1.1 200 OK"
INFO:httpx:HTTP Request: POST https://api.telegram.org/bot8070341201:AAGbgdghe0w0Cm4hr5kYahI5--K6fFACyG4/getUpdates "HTTP/1.1 200 OK"
INFO:httpx:HTTP Request: POST https://api.telegram.org/bot8070341201:AAGbgdghe0w0Cm4hr5kYahI5--K6fFACyG4/getUpdates "HTTP/1.1 200 OK"
INFO:httpx:HTTP Request: POST https://api.telegram.org/bot8070341201:AAGbgdghe0w0Cm4hr5kYahI5--K6fFACyG4/getUpdates "HTTP/1.1 200 OK"
INFO:httpx:HTTP Request: POST https://api.telegram.org/bot8070341201:AAGbgdghe0w0Cm4hr5kYahI5--K6fFACyG4/getUpdates "HTTP/1.1 200 OK"
INFO:httpx:HTTP Request: POST https://api.telegram.org/bot8070341201:AAGbgdghe0w0Cm4hr5kYahI5--K6fFACyG4/getUpdates "HTTP/1.1 200 OK"
INFO:httpx:HTTP Request: POST https://api.telegram.org/bot8070341201:AAGbgdghe0w0Cm4hr5kYahI5--K6fFACyG4/getUpdates "HTTP/1.1 200 OK"
INFO:httpx:HTTP Request: POST https://api.telegram.org/bot8070341201:AAGbgdghe0w0Cm4hr5kYahI5--K6fFACyG4/getUpdates "HTTP/1.1 200 OK"
INFO:httpx:HTTP Request: POST https://api.telegram.org/bot8070341201:AAGbgdghe0w0Cm4hr5kYahI5--K6fFACyG4/getUpdates "HTTP/1.1 200 OK"
INFO:httpx:HTTP Request: POST https://api.telegram.org/bot8070341201:AAGbgdghe0w0Cm4hr5kYahI5--K6fFACyG4/getUpdates "HTTP/1.1 200 OK"
INFO:httpx:HTTP Request: POST https://api.telegram.org/bot8070341201:AAGbgdghe0w0Cm4hr5kYahI5--K6fFACyG4/getUpdates "HTTP/1.1 200 OK"
INFO:httpx:HTTP Request: POST https://api.telegram.org/bot8070341201:AAGbgdghe0w0Cm4hr5kYahI5--K6fFACyG4/getUpdates "HTTP/1.1 200 OK"
INFO:httpx:HTTP Request: POST https://api.telegram.org/bot8070341201:AAGbgdghe0w0Cm4hr5kYahI5--K6fFACyG4/getUpdates "HTTP/1.1 200 OK"
INFO:httpx:HTTP Request: POST https://api.telegram.org/bot8070341201:AAGbgdghe0w0Cm4hr5kYahI5--K6fFACyG4/getUpdates "HTTP/1.1 200 OK"
INFO:httpx:HTTP Request: POST https://api.telegram.org/bot8070341201:AAGbgdghe0w0Cm4hr5kYahI5--K6fFACyG4/getUpdates "HTTP/1.1 200 OK"
INFO:httpx:HTTP Request: POST https://api.telegram.org/bot8070341201:AAGbgdghe0w0Cm4hr5kYahI5--K6fFACyG4/getUpdates "HTTP/1.1 200 OK"
INFO:httpx:HTTP Request: POST https://api.telegram.org/bot8070341201:AAGbgdghe0w0Cm4hr5kYahI5--K6fFACyG4/getUpdates "HTTP/1.1 200 OK"
INFO:httpx:HTTP Request: POST https://api.telegram.org/bot8070341201:AAGbgdghe0w0Cm4hr5kYahI5--K6fFACyG4/getUpdates "HTTP/1.1 200 OK"
INFO:httpx:HTTP Request: POST https://api.telegram.org/bot8070341201:AAGbgdghe0w0Cm4hr5kYahI5--K6fFACyG4/getUpdates "HTTP/1.1 200 OK"
INFO:httpx:HTTP Request: POST https://api.telegram.org/bot8070341201:AAGbgdghe0w0Cm4hr5kYahI5--K6fFACyG4/getUpdates "HTTP/1.1 200 OK"
INFO:httpx:HTTP Request: POST https://api.telegram.org/bot8070341201:AAGbgdghe0w0Cm4hr5kYahI5--K6fFACyG4/getUpdates "HTTP/1.1 200 OK"
INFO:httpx:HTTP Request: POST https://api.telegram.org/bot8070341201:AAGbgdghe0w0Cm4hr5kYahI5--K6fFACyG4/getUpdates "HTTP/1.1 200 OK"
INFO:httpx:HTTP Request: POST https://api.telegram.org/bot8070341201:AAGbgdghe0w0Cm4hr5kYahI5--K6fFACyG4/getUpdates "HTTP/1.1 200 OK"
INFO:httpx:HTTP Request: POST https://api.telegram.org/bot8070341201:AAGbgdghe0w0Cm4hr5kYahI5--K6fFACyG4/getUpdates "HTTP/1.1 200 OK"
INFO:httpx:HTTP Request: POST https://api.telegram.org/bot8070341201:AAGbgdghe0w0Cm4hr5kYahI5--K6fFACyG4/getUpdates "HTTP/1.1 200 OK"
INFO:httpx:HTTP Request: POST https://api.telegram.org/bot8070341201:AAGbgdghe0w0Cm4hr5kYahI5--K6fFACyG4/getUpdates "HTTP/1.1 200 OK"
INFO:httpx:HTTP Request: POST https://api.telegram.org/bot8070341201:AAGbgdghe0w0Cm4hr5kYahI5--K6fFACyG4/getUpdates "HTTP/1.1 200 OK"
INFO:httpx:HTTP Request: POST https://api.telegram.org/bot8070341201:AAGbgdghe0w0Cm4hr5kYahI5--K6fFACyG4/getUpdates "HTTP/1.1 200 OK"
INFO:httpx:HTTP Request: POST https://api.telegram.org/bot8070341201:AAGbgdghe0w0Cm4hr5kYahI5--K6fFACyG4/getUpdates "HTTP/1.1 200 OK"
INFO:httpx:HTTP Request: POST https://api.telegram.org/bot8070341201:AAGbgdghe0w0Cm4hr5kYahI5--K6fFACyG4/getUpdates "HTTP/1.1 200 OK"
INFO:httpx:HTTP Request: POST https://api.telegram.org/bot8070341201:AAGbgdghe0w0Cm4hr5kYahI5--K6fFACyG4/getUpdates "HTTP/1.1 200 OK"
INFO:httpx:HTTP Request: POST https://api.telegram.org/bot8070341201:AAGbgdghe0w0Cm4hr5kYahI5--K6fFACyG4/getUpdates "HTTP/1.1 200 OK"
INFO:httpx:HTTP Request: POST https://api.telegram.org/bot8070341201:AAGbgdghe0w0Cm4hr5kYahI5--K6fFACyG4/getUpdates "HTTP/1.1 200 OK"
INFO:httpx:HTTP Request: POST https://api.telegram.org/bot8070341201:AAGbgdghe0w0Cm4hr5kYahI5--K6fFACyG4/getUpdates "HTTP/1.1 200 OK"
INFO:httpx:HTTP Request: POST https://api.telegram.org/bot8070341201:AAGbgdghe0w0Cm4hr5kYahI5--K6fFACyG4/getUpdates "HTTP/1.1 200 OK"
INFO:httpx:HTTP Request: POST https://api.telegram.org/bot8070341201:AAGbgdghe0w0Cm4hr5kYahI5--K6fFACyG4/getUpdates "HTTP/1.1 200 OK"
INFO:httpx:HTTP Request: POST https://api.telegram.org/bot8070341201:AAGbgdghe0w0Cm4hr5kYahI5--K6fFACyG4/getUpdates "HTTP/1.1 200 OK"
INFO:httpx:HTTP Request: POST https://api.telegram.org/bot8070341201:AAGbgdghe0w0Cm4hr5kYahI5--K6fFACyG4/getUpdates "HTTP/1.1 200 OK"
INFO:httpx:HTTP Request: POST https://api.telegram.org/bot8070341201:AAGbgdghe0w0Cm4hr5kYahI5--K6fFACyG4/getUpdates "HTTP/1.1 200 OK"
INFO:httpx:HTTP Request: POST https://api.telegram.org/bot8070341201:AAGbgdghe0w0Cm4hr5kYahI5--K6fFACyG4/getUpdates "HTTP/1.1 200 OK"
INFO:httpx:HTTP Request: POST https://api.telegram.org/bot8070341201:AAGbgdghe0w0Cm4hr5kYahI5--K6fFACyG4/getUpdates "HTTP/1.1 200 OK"
INFO:httpx:HTTP Request: POST https://api.telegram.org/bot8070341201:AAGbgdghe0w0Cm4hr5kYahI5--K6fFACyG4/getUpdates "HTTP/1.1 200 OK"
INFO:httpx:HTTP Request: POST https://api.telegram.org/bot8070341201:AAGbgdghe0w0Cm4hr5kYahI5--K6fFACyG4/getUpdates "HTTP/1.1 200 OK"
INFO:httpx:HTTP Request: POST https://api.telegram.org/bot8070341201:AAGbgdghe0w0Cm4hr5kYahI5--K6fFACyG4/getUpdates "HTTP/1.1 200 OK"
INFO:httpx:HTTP Request: POST https://api.telegram.org/bot8070341201:AAGbgdghe0w0Cm4hr5kYahI5--K6fFACyG4/getUpdates "HTTP/1.1 200 OK"
